<?xml version="1.0" encoding="UTF-8"?>
<testng-results ignored="0" total="1" passed="1" failed="0" skipped="0">
  <reporter-output>
  </reporter-output>
  <suite started-at="2024-03-13T16:55:37 IST" name="Default suite" finished-at="2024-03-13T16:55:46 IST" duration-ms="8775">
    <groups>
    </groups>
    <test started-at="2024-03-13T16:55:37 IST" name="Default test" finished-at="2024-03-13T16:55:46 IST" duration-ms="8775">
      <class name="object.mainpage">
        <test-method is-config="true" signature="setup()[pri:0, instance:object.mainpage@6a78afa0]" started-at="2024-03-13T16:55:37 IST" name="setup" finished-at="2024-03-13T16:55:45 IST" duration-ms="7671" status="PASS">
          <reporter-output>
          </reporter-output>
        </test-method> <!-- setup -->
        <test-method signature="checkboxes()[pri:0, instance:object.mainpage@6a78afa0]" started-at="2024-03-13T16:55:45 IST" name="checkboxes" finished-at="2024-03-13T16:55:46 IST" duration-ms="1003" status="PASS">
          <reporter-output>
          </reporter-output>
        </test-method> <!-- checkboxes -->
      </class> <!-- object.mainpage -->
    </test> <!-- Default test -->
  </suite> <!-- Default suite -->
</testng-results>
